<?xml version="1.0" encoding="UTF-8"?>
<!-- Generated by org.testng.reporters.JUnitReportReporter -->
<testsuite hostname="IN-2NJHZH3" failures="0" tests="1" name="HeatMap_TestFunction.Login_Testfuction" time="81.859" errors="0" timestamp="2024-08-26T21:06:33 IST" skipped="0">
  <testcase classname="HeatMap_TestFunction.Login_Testfuction" name="set_benchmarklinkReport" time="81.859"/>
</testsuite> <!-- HeatMap_TestFunction.Login_Testfuction -->
